<?xml version="1.0" encoding="UTF-8"?>
<testsuite name="Cucumber" time="16.434" tests="2" skipped="0" failures="2" errors="0">
<testcase classname="Login" name="As a user I login to ASK application with valid credentials - Example #1.1" time="10.072">
<failure type="java.lang.NullPointerException" message="Cannot invoke &quot;org.openqa.selenium.WebDriver.findElement(org.openqa.selenium.By)&quot; because &quot;this.driver&quot; is null">
<![CDATA[java.lang.NullPointerException: Cannot invoke "org.openqa.selenium.WebDriver.findElement(org.openqa.selenium.By)" because "this.driver" is null
	at Pages.LoginPage.enterEmail(LoginPage.java:27)
	at Definitions.askStepDef.iTypeEmailInTheEmailTextbox(askStepDef.java:60)
	at ✽.I type suteneko@rapidbeos.net in the email textbox(file:///C:/Users/sathi/IdeaProjects/ask_application_automation/src/test/resources/features/login.feature:6)
]]>
</failure>
<system-out><![CDATA[
Given I open the url "http://ask-qa.portnov.com/" in "edge".................passed
When I type suteneko@rapidbeos.net in the email textbox.....................failed
And I type test123 in the password textbox..................................skipped
And I click the Sign-In button..............................................skipped
And I wait for 2 seconds....................................................skipped
Then I should see the Home link in the side navigation menu.................skipped
And I click the Logout link from the side navigation menu...................skipped
]]></system-out>
</testcase>
<testcase classname="Login" name="As a user I login to ASK application with valid credentials - Example #1.2" time="6.126">
<failure type="java.lang.NullPointerException" message="Cannot invoke &quot;org.openqa.selenium.WebDriver.findElement(org.openqa.selenium.By)&quot; because &quot;this.driver&quot; is null">
<![CDATA[java.lang.NullPointerException: Cannot invoke "org.openqa.selenium.WebDriver.findElement(org.openqa.selenium.By)" because "this.driver" is null
	at Pages.LoginPage.enterEmail(LoginPage.java:27)
	at Definitions.askStepDef.iTypeEmailInTheEmailTextbox(askStepDef.java:60)
	at ✽.I type alisher123@antkander.com in the email textbox(file:///C:/Users/sathi/IdeaProjects/ask_application_automation/src/test/resources/features/login.feature:6)
]]>
</failure>
<system-out><![CDATA[
Given I open the url "http://ask-qa.portnov.com/" in "edge".................passed
When I type alisher123@antkander.com in the email textbox...................failed
And I type test123 in the password textbox..................................skipped
And I click the Sign-In button..............................................skipped
And I wait for 2 seconds....................................................skipped
Then I should see the Home link in the side navigation menu.................skipped
And I click the Logout link from the side navigation menu...................skipped
]]></system-out>
</testcase>
</testsuite>
